[debug] [2024-02-21T15:00:51.084Z] ----------------------------------------------------------------------
[debug] [2024-02-21T15:00:51.090Z] Command:       C:\Program Files\nodejs\node.exe C:\Program Files\nodejs\node_modules\firebase-tools\lib\bin\firebase.js emulators:start --only firestore
[debug] [2024-02-21T15:00:51.090Z] CLI Version:   13.3.0
[debug] [2024-02-21T15:00:51.090Z] Platform:      win32
[debug] [2024-02-21T15:00:51.091Z] Node Version:  v21.2.0
[debug] [2024-02-21T15:00:51.091Z] Time:          Wed Feb 21 2024 15:00:51 GMT+0000 (Greenwich Mean Time)
[debug] [2024-02-21T15:00:51.091Z] ----------------------------------------------------------------------
[debug] 
[debug] [2024-02-21T15:00:51.231Z] > command requires scopes: ["email","openid","https://www.googleapis.com/auth/cloudplatformprojects.readonly","https://www.googleapis.com/auth/firebase","https://www.googleapis.com/auth/cloud-platform"]
[debug] [2024-02-21T15:00:51.231Z] > authorizing via signed-in user (konancharlesyao@gmail.com)
[debug] [2024-02-21T15:00:51.403Z] java version "21.0.2" 2024-01-16 LTS
Java(TM) SE Runtime Environment (build 21.0.2+13-LTS-58)
Java HotSpot(TM) 64-Bit Server VM (build 21.0.2+13-LTS-58, mixed mode, sharing)

[debug] [2024-02-21T15:00:51.419Z] Parsed Java major version: 21
[info] i  emulators: Starting emulators: firestore {"metadata":{"emulator":{"name":"hub"},"message":"Starting emulators: firestore"}}
[debug] [2024-02-21T15:00:51.431Z] [logging] Logging Emulator only supports listening on one address (127.0.0.1). Not listening on ::1
[debug] [2024-02-21T15:00:51.431Z] [firestore] Firestore Emulator only supports listening on one address (127.0.0.1). Not listening on ::1
[debug] [2024-02-21T15:00:51.431Z] [firestore.websocket] websocket server for firestore only supports listening on one address (127.0.0.1). Not listening on ::1
[debug] [2024-02-21T15:00:51.431Z] assigned listening specs for emulators {"user":{"hub":[{"address":"127.0.0.1","family":"IPv4","port":4400},{"address":"::1","family":"IPv6","port":4400}],"ui":[{"address":"127.0.0.1","family":"IPv4","port":4000},{"address":"::1","family":"IPv6","port":4000}],"logging":[{"address":"127.0.0.1","family":"IPv4","port":4500}],"firestore":[{"address":"127.0.0.1","family":"IPv4","port":8080}],"firestore.websocket":[{"address":"127.0.0.1","family":"IPv4","port":9150}]},"metadata":{"message":"assigned listening specs for emulators"}}
[debug] [2024-02-21T15:00:51.459Z] [hub] writing locator at C:\Users\konan\AppData\Local\Temp\hub-ayoka-a2a41.json
[debug] [2024-02-21T15:00:51.472Z] > refreshing access token with scopes: []
[debug] [2024-02-21T15:00:51.474Z] >>> [apiv2][query] POST https://www.googleapis.com/oauth2/v3/token [none]
[debug] [2024-02-21T15:00:51.474Z] >>> [apiv2][body] POST https://www.googleapis.com/oauth2/v3/token [omitted]
[debug] [2024-02-21T15:00:51.983Z] <<< [apiv2][status] POST https://www.googleapis.com/oauth2/v3/token 200
[debug] [2024-02-21T15:00:51.983Z] <<< [apiv2][body] POST https://www.googleapis.com/oauth2/v3/token [omitted]
[debug] [2024-02-21T15:00:52.008Z] >>> [apiv2][query] GET https://firebase.googleapis.com/v1beta1/projects/ayoka-a2a41 [none]
[debug] [2024-02-21T15:00:52.582Z] <<< [apiv2][status] GET https://firebase.googleapis.com/v1beta1/projects/ayoka-a2a41 200
[debug] [2024-02-21T15:00:52.583Z] <<< [apiv2][body] GET https://firebase.googleapis.com/v1beta1/projects/ayoka-a2a41 {"projectId":"ayoka-a2a41","projectNumber":"639621872213","displayName":"ayoka","name":"projects/ayoka-a2a41","resources":{"hostingSite":"ayoka-a2a41","storageBucket":"ayoka-a2a41.appspot.com","locationId":"europe-west"},"state":"ACTIVE","etag":"1_5727c91d-62f6-400d-ad9c-588d7bd1712f"}
[warn] !  firestore: Cloud Firestore Emulator does not support multiple databases yet. {"metadata":{"emulator":{"name":"firestore"},"message":"Cloud Firestore Emulator does not support multiple databases yet."}}
[warn] !  firestore: Did not find a Cloud Firestore rules file specified in a firebase.json config file. {"metadata":{"emulator":{"name":"firestore"},"message":"Did not find a Cloud Firestore rules file specified in a firebase.json config file."}}
[warn] !  firestore: The emulator will default to allowing all reads and writes. Learn more about this option: https://firebase.google.com/docs/emulator-suite/install_and_configure#security_rules_configuration. {"metadata":{"emulator":{"name":"firestore"},"message":"The emulator will default to allowing all reads and writes. Learn more about this option: https://firebase.google.com/docs/emulator-suite/install_and_configure#security_rules_configuration."}}
[debug] [2024-02-21T15:00:52.588Z] Ignoring unsupported arg: auto_download {"metadata":{"emulator":{"name":"firestore"},"message":"Ignoring unsupported arg: auto_download"}}
[debug] [2024-02-21T15:00:52.588Z] Ignoring unsupported arg: single_project_mode_error {"metadata":{"emulator":{"name":"firestore"},"message":"Ignoring unsupported arg: single_project_mode_error"}}
[debug] [2024-02-21T15:00:52.588Z] Starting Firestore Emulator with command {"binary":"java","args":["-Dgoogle.cloud_firestore.debug_log_level=FINE","-Duser.language=en","-jar","C:\\Users\\konan\\.cache\\firebase\\emulators\\cloud-firestore-emulator-v1.18.2.jar","--host","127.0.0.1","--port",8080,"--websocket_port",9150,"--project_id","ayoka-a2a41","--single_project_mode",true],"optionalArgs":["port","webchannel_port","host","rules","websocket_port","functions_emulator","seed_from_export","project_id","single_project_mode"],"joinArgs":false} {"metadata":{"emulator":{"name":"firestore"},"message":"Starting Firestore Emulator with command {\"binary\":\"java\",\"args\":[\"-Dgoogle.cloud_firestore.debug_log_level=FINE\",\"-Duser.language=en\",\"-jar\",\"C:\\\\Users\\\\konan\\\\.cache\\\\firebase\\\\emulators\\\\cloud-firestore-emulator-v1.18.2.jar\",\"--host\",\"127.0.0.1\",\"--port\",8080,\"--websocket_port\",9150,\"--project_id\",\"ayoka-a2a41\",\"--single_project_mode\",true],\"optionalArgs\":[\"port\",\"webchannel_port\",\"host\",\"rules\",\"websocket_port\",\"functions_emulator\",\"seed_from_export\",\"project_id\",\"single_project_mode\"],\"joinArgs\":false}"}}
[info] i  firestore: Firestore Emulator logging to firestore-debug.log {"metadata":{"emulator":{"name":"firestore"},"message":"Firestore Emulator logging to \u001b[1mfirestore-debug.log\u001b[22m"}}
[info] +  firestore: Firestore Emulator UI websocket is running on 9150. {"metadata":{"emulator":{"name":"firestore"},"message":"Firestore Emulator UI websocket is running on 9150."}}
[info] i  ui: downloading ui-v1.11.7.zip... {"metadata":{"emulator":{"name":"ui"},"message":"downloading ui-v1.11.7.zip..."}}
[debug] [2024-02-21T15:00:54.962Z] >>> [apiv2][query] GET https://storage.googleapis.com/firebase-preview-drop/emulator/ui-v1.11.7.zip 
[debug] [2024-02-21T15:00:55.580Z] <<< [apiv2][status] GET https://storage.googleapis.com/firebase-preview-drop/emulator/ui-v1.11.7.zip 200
[debug] [2024-02-21T15:00:55.580Z] <<< [apiv2][body] GET https://storage.googleapis.com/firebase-preview-drop/emulator/ui-v1.11.7.zip [stream]
[debug] [2024-02-21T15:00:57.108Z] Data is 3064105
[debug] [2024-02-21T15:00:57.109Z] [unzip] Entry: client/ (compressed_size=0 bytes, uncompressed_size=0 bytes)
[debug] [2024-02-21T15:00:57.109Z] [unzip] Processing entry: client\
[debug] [2024-02-21T15:00:57.109Z] [unzip] mkdir: C:\Users\konan\.cache\firebase\emulators\ui-v1.11.7\client\
[debug] [2024-02-21T15:00:57.111Z] [unzip] Entry: client/favicon.ico (compressed_size=2497 bytes, uncompressed_size=7406 bytes)
[debug] [2024-02-21T15:00:57.111Z] [unzip] Processing entry: client\favicon.ico
[debug] [2024-02-21T15:00:57.111Z] [unzip] else mkdir: C:\Users\konan\.cache\firebase\emulators\ui-v1.11.7\client
[debug] [2024-02-21T15:00:57.111Z] [unzip] deflating: C:\Users\konan\.cache\firebase\emulators\ui-v1.11.7\client\favicon.ico
[debug] [2024-02-21T15:00:57.147Z] [unzip] Entry: client/apple-touch-icon.png (compressed_size=7231 bytes, uncompressed_size=7367 bytes)
[debug] [2024-02-21T15:00:57.147Z] [unzip] Processing entry: client\apple-touch-icon.png
[debug] [2024-02-21T15:00:57.147Z] [unzip] else mkdir: C:\Users\konan\.cache\firebase\emulators\ui-v1.11.7\client
[debug] [2024-02-21T15:00:57.148Z] [unzip] deflating: C:\Users\konan\.cache\firebase\emulators\ui-v1.11.7\client\apple-touch-icon.png
[debug] [2024-02-21T15:00:57.152Z] [unzip] Entry: client/android-chrome-512x512.png (compressed_size=16987 bytes, uncompressed_size=18186 bytes)
[debug] [2024-02-21T15:00:57.152Z] [unzip] Processing entry: client\android-chrome-512x512.png
[debug] [2024-02-21T15:00:57.152Z] [unzip] else mkdir: C:\Users\konan\.cache\firebase\emulators\ui-v1.11.7\client
[debug] [2024-02-21T15:00:57.152Z] [unzip] deflating: C:\Users\konan\.cache\firebase\emulators\ui-v1.11.7\client\android-chrome-512x512.png
[debug] [2024-02-21T15:00:57.155Z] [unzip] Entry: client/assets/ (compressed_size=0 bytes, uncompressed_size=0 bytes)
[debug] [2024-02-21T15:00:57.156Z] [unzip] Processing entry: client\assets\
[debug] [2024-02-21T15:00:57.156Z] [unzip] mkdir: C:\Users\konan\.cache\firebase\emulators\ui-v1.11.7\client\assets\
[debug] [2024-02-21T15:00:57.157Z] [unzip] Entry: client/assets/extensions/ (compressed_size=0 bytes, uncompressed_size=0 bytes)
[debug] [2024-02-21T15:00:57.157Z] [unzip] Processing entry: client\assets\extensions\
[debug] [2024-02-21T15:00:57.157Z] [unzip] mkdir: C:\Users\konan\.cache\firebase\emulators\ui-v1.11.7\client\assets\extensions\
[debug] [2024-02-21T15:00:57.157Z] [unzip] Entry: client/assets/extensions/default-extension.png (compressed_size=1646 bytes, uncompressed_size=1657 bytes)
[debug] [2024-02-21T15:00:57.157Z] [unzip] Processing entry: client\assets\extensions\default-extension.png
[debug] [2024-02-21T15:00:57.157Z] [unzip] else mkdir: C:\Users\konan\.cache\firebase\emulators\ui-v1.11.7\client\assets\extensions
[debug] [2024-02-21T15:00:57.158Z] [unzip] deflating: C:\Users\konan\.cache\firebase\emulators\ui-v1.11.7\client\assets\extensions\default-extension.png
[debug] [2024-02-21T15:00:57.161Z] [unzip] Entry: client/assets/index.58ca09f7.css (compressed_size=37601 bytes, uncompressed_size=321252 bytes)
[debug] [2024-02-21T15:00:57.161Z] [unzip] Processing entry: client\assets\index.58ca09f7.css
[debug] [2024-02-21T15:00:57.161Z] [unzip] else mkdir: C:\Users\konan\.cache\firebase\emulators\ui-v1.11.7\client\assets
[debug] [2024-02-21T15:00:57.161Z] [unzip] deflating: C:\Users\konan\.cache\firebase\emulators\ui-v1.11.7\client\assets\index.58ca09f7.css
[debug] [2024-02-21T15:00:57.181Z] [unzip] Entry: client/assets/index.c2583d42.js (compressed_size=526232 bytes, uncompressed_size=1860152 bytes)
[debug] [2024-02-21T15:00:57.181Z] [unzip] Processing entry: client\assets\index.c2583d42.js
[debug] [2024-02-21T15:00:57.181Z] [unzip] else mkdir: C:\Users\konan\.cache\firebase\emulators\ui-v1.11.7\client\assets
[debug] [2024-02-21T15:00:57.182Z] [unzip] deflating: C:\Users\konan\.cache\firebase\emulators\ui-v1.11.7\client\assets\index.c2583d42.js
[debug] [2024-02-21T15:00:57.227Z] [unzip] Entry: client/assets/provider-icons/ (compressed_size=0 bytes, uncompressed_size=0 bytes)
[debug] [2024-02-21T15:00:57.227Z] [unzip] Processing entry: client\assets\provider-icons\
[debug] [2024-02-21T15:00:57.227Z] [unzip] mkdir: C:\Users\konan\.cache\firebase\emulators\ui-v1.11.7\client\assets\provider-icons\
[debug] [2024-02-21T15:00:57.228Z] [unzip] Entry: client/assets/provider-icons/auth_service_oidc.svg (compressed_size=414 bytes, uncompressed_size=858 bytes)
[debug] [2024-02-21T15:00:57.228Z] [unzip] Processing entry: client\assets\provider-icons\auth_service_oidc.svg
[debug] [2024-02-21T15:00:57.228Z] [unzip] else mkdir: C:\Users\konan\.cache\firebase\emulators\ui-v1.11.7\client\assets\provider-icons
[debug] [2024-02-21T15:00:57.229Z] [unzip] deflating: C:\Users\konan\.cache\firebase\emulators\ui-v1.11.7\client\assets\provider-icons\auth_service_oidc.svg
[debug] [2024-02-21T15:00:57.236Z] [unzip] Entry: client/assets/provider-icons/auth_service_yahoo.svg (compressed_size=577 bytes, uncompressed_size=1182 bytes)
[debug] [2024-02-21T15:00:57.236Z] [unzip] Processing entry: client\assets\provider-icons\auth_service_yahoo.svg
[debug] [2024-02-21T15:00:57.237Z] [unzip] else mkdir: C:\Users\konan\.cache\firebase\emulators\ui-v1.11.7\client\assets\provider-icons
[debug] [2024-02-21T15:00:57.237Z] [unzip] deflating: C:\Users\konan\.cache\firebase\emulators\ui-v1.11.7\client\assets\provider-icons\auth_service_yahoo.svg
[debug] [2024-02-21T15:00:57.243Z] [unzip] Entry: client/assets/provider-icons/auth_service_phone.svg (compressed_size=261 bytes, uncompressed_size=414 bytes)
[debug] [2024-02-21T15:00:57.243Z] [unzip] Processing entry: client\assets\provider-icons\auth_service_phone.svg
[debug] [2024-02-21T15:00:57.243Z] [unzip] else mkdir: C:\Users\konan\.cache\firebase\emulators\ui-v1.11.7\client\assets\provider-icons
[debug] [2024-02-21T15:00:57.243Z] [unzip] deflating: C:\Users\konan\.cache\firebase\emulators\ui-v1.11.7\client\assets\provider-icons\auth_service_phone.svg
[debug] [2024-02-21T15:00:57.249Z] [unzip] Entry: client/assets/provider-icons/auth_service_saml.svg (compressed_size=575 bytes, uncompressed_size=1226 bytes)
[debug] [2024-02-21T15:00:57.249Z] [unzip] Processing entry: client\assets\provider-icons\auth_service_saml.svg
[debug] [2024-02-21T15:00:57.249Z] [unzip] else mkdir: C:\Users\konan\.cache\firebase\emulators\ui-v1.11.7\client\assets\provider-icons
[debug] [2024-02-21T15:00:57.250Z] [unzip] deflating: C:\Users\konan\.cache\firebase\emulators\ui-v1.11.7\client\assets\provider-icons\auth_service_saml.svg
[debug] [2024-02-21T15:00:57.254Z] [unzip] Entry: client/assets/provider-icons/auth_service_mslive.svg (compressed_size=203 bytes, uncompressed_size=378 bytes)
[debug] [2024-02-21T15:00:57.254Z] [unzip] Processing entry: client\assets\provider-icons\auth_service_mslive.svg
[debug] [2024-02-21T15:00:57.254Z] [unzip] else mkdir: C:\Users\konan\.cache\firebase\emulators\ui-v1.11.7\client\assets\provider-icons
[debug] [2024-02-21T15:00:57.255Z] [unzip] deflating: C:\Users\konan\.cache\firebase\emulators\ui-v1.11.7\client\assets\provider-icons\auth_service_mslive.svg
[debug] [2024-02-21T15:00:57.260Z] [unzip] Entry: client/assets/provider-icons/auth_service_facebook.svg (compressed_size=289 bytes, uncompressed_size=457 bytes)
[debug] [2024-02-21T15:00:57.260Z] [unzip] Processing entry: client\assets\provider-icons\auth_service_facebook.svg
[debug] [2024-02-21T15:00:57.260Z] [unzip] else mkdir: C:\Users\konan\.cache\firebase\emulators\ui-v1.11.7\client\assets\provider-icons
[debug] [2024-02-21T15:00:57.260Z] [unzip] deflating: C:\Users\konan\.cache\firebase\emulators\ui-v1.11.7\client\assets\provider-icons\auth_service_facebook.svg
[debug] [2024-02-21T15:00:57.265Z] [unzip] Entry: client/assets/provider-icons/auth_service_play_games.svg (compressed_size=565 bytes, uncompressed_size=1173 bytes)
[debug] [2024-02-21T15:00:57.265Z] [unzip] Processing entry: client\assets\provider-icons\auth_service_play_games.svg
[debug] [2024-02-21T15:00:57.265Z] [unzip] else mkdir: C:\Users\konan\.cache\firebase\emulators\ui-v1.11.7\client\assets\provider-icons
[debug] [2024-02-21T15:00:57.266Z] [unzip] deflating: C:\Users\konan\.cache\firebase\emulators\ui-v1.11.7\client\assets\provider-icons\auth_service_play_games.svg
[debug] [2024-02-21T15:00:57.270Z] [unzip] Entry: client/assets/provider-icons/auth_service_github.svg (compressed_size=466 bytes, uncompressed_size=838 bytes)
[debug] [2024-02-21T15:00:57.270Z] [unzip] Processing entry: client\assets\provider-icons\auth_service_github.svg
[debug] [2024-02-21T15:00:57.270Z] [unzip] else mkdir: C:\Users\konan\.cache\firebase\emulators\ui-v1.11.7\client\assets\provider-icons
[debug] [2024-02-21T15:00:57.271Z] [unzip] deflating: C:\Users\konan\.cache\firebase\emulators\ui-v1.11.7\client\assets\provider-icons\auth_service_github.svg
[debug] [2024-02-21T15:00:57.275Z] [unzip] Entry: client/assets/provider-icons/auth_service_apple.svg (compressed_size=230 bytes, uncompressed_size=334 bytes)
[debug] [2024-02-21T15:00:57.275Z] [unzip] Processing entry: client\assets\provider-icons\auth_service_apple.svg
[debug] [2024-02-21T15:00:57.275Z] [unzip] else mkdir: C:\Users\konan\.cache\firebase\emulators\ui-v1.11.7\client\assets\provider-icons
[debug] [2024-02-21T15:00:57.276Z] [unzip] deflating: C:\Users\konan\.cache\firebase\emulators\ui-v1.11.7\client\assets\provider-icons\auth_service_apple.svg
[debug] [2024-02-21T15:00:57.280Z] [unzip] Entry: client/assets/provider-icons/auth_service_google.svg (compressed_size=409 bytes, uncompressed_size=720 bytes)
[debug] [2024-02-21T15:00:57.280Z] [unzip] Processing entry: client\assets\provider-icons\auth_service_google.svg
[debug] [2024-02-21T15:00:57.280Z] [unzip] else mkdir: C:\Users\konan\.cache\firebase\emulators\ui-v1.11.7\client\assets\provider-icons
[debug] [2024-02-21T15:00:57.281Z] [unzip] deflating: C:\Users\konan\.cache\firebase\emulators\ui-v1.11.7\client\assets\provider-icons\auth_service_google.svg
[debug] [2024-02-21T15:00:57.285Z] [unzip] Entry: client/assets/provider-icons/auth_service_email.svg (compressed_size=228 bytes, uncompressed_size=326 bytes)
[debug] [2024-02-21T15:00:57.285Z] [unzip] Processing entry: client\assets\provider-icons\auth_service_email.svg
[debug] [2024-02-21T15:00:57.285Z] [unzip] else mkdir: C:\Users\konan\.cache\firebase\emulators\ui-v1.11.7\client\assets\provider-icons
[debug] [2024-02-21T15:00:57.286Z] [unzip] deflating: C:\Users\konan\.cache\firebase\emulators\ui-v1.11.7\client\assets\provider-icons\auth_service_email.svg
[debug] [2024-02-21T15:00:57.290Z] [unzip] Entry: client/assets/provider-icons/auth_service_twitter.svg (compressed_size=444 bytes, uncompressed_size=751 bytes)
[debug] [2024-02-21T15:00:57.291Z] [unzip] Processing entry: client\assets\provider-icons\auth_service_twitter.svg
[debug] [2024-02-21T15:00:57.291Z] [unzip] else mkdir: C:\Users\konan\.cache\firebase\emulators\ui-v1.11.7\client\assets\provider-icons
[debug] [2024-02-21T15:00:57.291Z] [unzip] deflating: C:\Users\konan\.cache\firebase\emulators\ui-v1.11.7\client\assets\provider-icons\auth_service_twitter.svg
[debug] [2024-02-21T15:00:57.296Z] [unzip] Entry: client/assets/provider-icons/auth_service_game_center.svg (compressed_size=991 bytes, uncompressed_size=3921 bytes)
[debug] [2024-02-21T15:00:57.296Z] [unzip] Processing entry: client\assets\provider-icons\auth_service_game_center.svg
[debug] [2024-02-21T15:00:57.296Z] [unzip] else mkdir: C:\Users\konan\.cache\firebase\emulators\ui-v1.11.7\client\assets\provider-icons
[debug] [2024-02-21T15:00:57.296Z] [unzip] deflating: C:\Users\konan\.cache\firebase\emulators\ui-v1.11.7\client\assets\provider-icons\auth_service_game_center.svg
[debug] [2024-02-21T15:00:57.306Z] [unzip] Entry: client/assets/index.c2583d42.js.map (compressed_size=1778557 bytes, uncompressed_size=7961927 bytes)
[debug] [2024-02-21T15:00:57.306Z] [unzip] Processing entry: client\assets\index.c2583d42.js.map
[debug] [2024-02-21T15:00:57.306Z] [unzip] else mkdir: C:\Users\konan\.cache\firebase\emulators\ui-v1.11.7\client\assets
[debug] [2024-02-21T15:00:57.307Z] [unzip] deflating: C:\Users\konan\.cache\firebase\emulators\ui-v1.11.7\client\assets\index.c2583d42.js.map
[debug] [2024-02-21T15:00:57.367Z] [unzip] Entry: client/assets/img/ (compressed_size=0 bytes, uncompressed_size=0 bytes)
[debug] [2024-02-21T15:00:57.368Z] [unzip] Processing entry: client\assets\img\
[debug] [2024-02-21T15:00:57.368Z] [unzip] mkdir: C:\Users\konan\.cache\firebase\emulators\ui-v1.11.7\client\assets\img\
[debug] [2024-02-21T15:00:57.368Z] [unzip] Entry: client/assets/img/database.png (compressed_size=29449 bytes, uncompressed_size=29988 bytes)
[debug] [2024-02-21T15:00:57.368Z] [unzip] Processing entry: client\assets\img\database.png
[debug] [2024-02-21T15:00:57.368Z] [unzip] else mkdir: C:\Users\konan\.cache\firebase\emulators\ui-v1.11.7\client\assets\img
[debug] [2024-02-21T15:00:57.369Z] [unzip] deflating: C:\Users\konan\.cache\firebase\emulators\ui-v1.11.7\client\assets\img\database.png
[debug] [2024-02-21T15:00:57.372Z] [unzip] Entry: client/safari-pinned-tab.svg (compressed_size=838 bytes, uncompressed_size=1504 bytes)
[debug] [2024-02-21T15:00:57.372Z] [unzip] Processing entry: client\safari-pinned-tab.svg
[debug] [2024-02-21T15:00:57.372Z] [unzip] else mkdir: C:\Users\konan\.cache\firebase\emulators\ui-v1.11.7\client
[debug] [2024-02-21T15:00:57.373Z] [unzip] deflating: C:\Users\konan\.cache\firebase\emulators\ui-v1.11.7\client\safari-pinned-tab.svg
[debug] [2024-02-21T15:00:57.377Z] [unzip] Entry: client/mstile-150x150.png (compressed_size=5406 bytes, uncompressed_size=5723 bytes)
[debug] [2024-02-21T15:00:57.378Z] [unzip] Processing entry: client\mstile-150x150.png
[debug] [2024-02-21T15:00:57.378Z] [unzip] else mkdir: C:\Users\konan\.cache\firebase\emulators\ui-v1.11.7\client
[debug] [2024-02-21T15:00:57.378Z] [unzip] deflating: C:\Users\konan\.cache\firebase\emulators\ui-v1.11.7\client\mstile-150x150.png
[debug] [2024-02-21T15:00:57.381Z] [unzip] Entry: client/browserconfig.xml (compressed_size=491 bytes, uncompressed_size=822 bytes)
[debug] [2024-02-21T15:00:57.381Z] [unzip] Processing entry: client\browserconfig.xml
[debug] [2024-02-21T15:00:57.381Z] [unzip] else mkdir: C:\Users\konan\.cache\firebase\emulators\ui-v1.11.7\client
[debug] [2024-02-21T15:00:57.382Z] [unzip] deflating: C:\Users\konan\.cache\firebase\emulators\ui-v1.11.7\client\browserconfig.xml
[debug] [2024-02-21T15:00:57.388Z] [unzip] Entry: client/robots.txt (compressed_size=26 bytes, uncompressed_size=26 bytes)
[debug] [2024-02-21T15:00:57.389Z] [unzip] Processing entry: client\robots.txt
[debug] [2024-02-21T15:00:57.389Z] [unzip] else mkdir: C:\Users\konan\.cache\firebase\emulators\ui-v1.11.7\client
[debug] [2024-02-21T15:00:57.390Z] [unzip] Writing file: C:\Users\konan\.cache\firebase\emulators\ui-v1.11.7\client\robots.txt
[debug] [2024-02-21T15:00:57.395Z] [unzip] Entry: client/index.html (compressed_size=1363 bytes, uncompressed_size=3064 bytes)
[debug] [2024-02-21T15:00:57.397Z] [unzip] Processing entry: client\index.html
[debug] [2024-02-21T15:00:57.398Z] [unzip] else mkdir: C:\Users\konan\.cache\firebase\emulators\ui-v1.11.7\client
[debug] [2024-02-21T15:00:57.398Z] [unzip] deflating: C:\Users\konan\.cache\firebase\emulators\ui-v1.11.7\client\index.html
[debug] [2024-02-21T15:00:57.413Z] [unzip] Entry: client/favicon-16x16.png (compressed_size=757 bytes, uncompressed_size=777 bytes)
[debug] [2024-02-21T15:00:57.414Z] [unzip] Processing entry: client\favicon-16x16.png
[debug] [2024-02-21T15:00:57.414Z] [unzip] else mkdir: C:\Users\konan\.cache\firebase\emulators\ui-v1.11.7\client
[debug] [2024-02-21T15:00:57.414Z] [unzip] deflating: C:\Users\konan\.cache\firebase\emulators\ui-v1.11.7\client\favicon-16x16.png
[debug] [2024-02-21T15:00:57.417Z] [unzip] Entry: client/manifest.json (compressed_size=246 bytes, uncompressed_size=551 bytes)
[debug] [2024-02-21T15:00:57.417Z] [unzip] Processing entry: client\manifest.json
[debug] [2024-02-21T15:00:57.417Z] [unzip] else mkdir: C:\Users\konan\.cache\firebase\emulators\ui-v1.11.7\client
[debug] [2024-02-21T15:00:57.417Z] [unzip] deflating: C:\Users\konan\.cache\firebase\emulators\ui-v1.11.7\client\manifest.json
[debug] [2024-02-21T15:00:57.422Z] [unzip] Entry: client/favicon-32x32.png (compressed_size=1175 bytes, uncompressed_size=1175 bytes)
[debug] [2024-02-21T15:00:57.422Z] [unzip] Processing entry: client\favicon-32x32.png
[debug] [2024-02-21T15:00:57.422Z] [unzip] else mkdir: C:\Users\konan\.cache\firebase\emulators\ui-v1.11.7\client
[debug] [2024-02-21T15:00:57.423Z] [unzip] Writing file: C:\Users\konan\.cache\firebase\emulators\ui-v1.11.7\client\favicon-32x32.png
[debug] [2024-02-21T15:00:57.426Z] [unzip] Entry: client/android-chrome-192x192.png (compressed_size=7602 bytes, uncompressed_size=7834 bytes)
[debug] [2024-02-21T15:00:57.427Z] [unzip] Processing entry: client\android-chrome-192x192.png
[debug] [2024-02-21T15:00:57.427Z] [unzip] else mkdir: C:\Users\konan\.cache\firebase\emulators\ui-v1.11.7\client
[debug] [2024-02-21T15:00:57.427Z] [unzip] deflating: C:\Users\konan\.cache\firebase\emulators\ui-v1.11.7\client\android-chrome-192x192.png
[debug] [2024-02-21T15:00:57.432Z] [unzip] Entry: server/ (compressed_size=0 bytes, uncompressed_size=0 bytes)
[debug] [2024-02-21T15:00:57.432Z] [unzip] Processing entry: server\
[debug] [2024-02-21T15:00:57.432Z] [unzip] mkdir: C:\Users\konan\.cache\firebase\emulators\ui-v1.11.7\server\
[debug] [2024-02-21T15:00:57.433Z] [unzip] Entry: server/server.js (compressed_size=343746 bytes, uncompressed_size=1346374 bytes)
[debug] [2024-02-21T15:00:57.433Z] [unzip] Processing entry: server\server.js
[debug] [2024-02-21T15:00:57.433Z] [unzip] else mkdir: C:\Users\konan\.cache\firebase\emulators\ui-v1.11.7\server
[debug] [2024-02-21T15:00:57.434Z] [unzip] deflating: C:\Users\konan\.cache\firebase\emulators\ui-v1.11.7\server\server.js
[debug] [2024-02-21T15:00:57.465Z] [unzip] Entry: server/server.js.map (compressed_size=289157 bytes, uncompressed_size=1325651 bytes)
[debug] [2024-02-21T15:00:57.466Z] [unzip] Processing entry: server\server.js.map
[debug] [2024-02-21T15:00:57.466Z] [unzip] else mkdir: C:\Users\konan\.cache\firebase\emulators\ui-v1.11.7\server
[debug] [2024-02-21T15:00:57.466Z] [unzip] deflating: C:\Users\konan\.cache\firebase\emulators\ui-v1.11.7\server\server.js.map
[debug] [2024-02-21T15:00:57.487Z] Ignoring unsupported arg: auto_download {"metadata":{"emulator":{"name":"ui"},"message":"Ignoring unsupported arg: auto_download"}}
[debug] [2024-02-21T15:00:57.487Z] Ignoring unsupported arg: port {"metadata":{"emulator":{"name":"ui"},"message":"Ignoring unsupported arg: port"}}
[debug] [2024-02-21T15:00:57.488Z] Starting Emulator UI with command {"binary":"node","args":["C:\\Users\\konan\\.cache\\firebase\\emulators\\ui-v1.11.7\\server\\server.js"],"optionalArgs":[],"joinArgs":false} {"metadata":{"emulator":{"name":"ui"},"message":"Starting Emulator UI with command {\"binary\":\"node\",\"args\":[\"C:\\\\Users\\\\konan\\\\.cache\\\\firebase\\\\emulators\\\\ui-v1.11.7\\\\server\\\\server.js\"],\"optionalArgs\":[],\"joinArgs\":false}"}}
[info] i  ui: Emulator UI logging to ui-debug.log {"metadata":{"emulator":{"name":"ui"},"message":"Emulator UI logging to \u001b[1mui-debug.log\u001b[22m"}}
[debug] [2024-02-21T15:00:57.849Z] Web / API server started at 127.0.0.1:4000
 {"metadata":{"emulator":{"name":"ui"},"message":"Web / API server started at 127.0.0.1:4000\n"}}
[debug] [2024-02-21T15:00:57.849Z] Web / API server started at ::1:4000
 {"metadata":{"emulator":{"name":"ui"},"message":"Web / API server started at ::1:4000\n"}}
[info] 
┌─────────────────────────────────────────────────────────────┐
│ ✔  All emulators ready! It is now safe to connect your app. │
│ i  View Emulator UI at http://127.0.0.1:4000/               │
└─────────────────────────────────────────────────────────────┘

┌───────────┬────────────────┬─────────────────────────────────┐
│ Emulator  │ Host:Port      │ View in Emulator UI             │
├───────────┼────────────────┼─────────────────────────────────┤
│ Firestore │ 127.0.0.1:8080 │ http://127.0.0.1:4000/firestore │
└───────────┴────────────────┴─────────────────────────────────┘
  Emulator Hub running at 127.0.0.1:4400
  Other reserved ports: 4500, 9150

Issues? Report them at https://github.com/firebase/firebase-tools/issues and attach the *-debug.log files.
 
